{
  "RSpec": {
    "coverage": {
      "/Users/apprentice/Desktop/flashcard_app/trainer.rb": [
        1,
        1,
        null,
        null,
        1,
        1,
        1,
        null,
        1,
        13,
        13,
        13,
        13,
        null,
        null,
        1,
        33,
        33,
        33,
        33,
        null,
        33,
        8,
        8,
        8,
        8,
        null,
        25,
        25,
        7,
        7,
        null,
        null,
        33,
        null,
        null,
        1,
        1,
        null,
        null,
        1,
        18,
        null,
        null,
        1,
        null,
        1,
        15,
        3,
        null,
        null,
        null,
        null,
        null,
        null
      ],
      "/Users/apprentice/Desktop/flashcard_app/deck.rb": [
        1,
        null,
        1,
        null,
        1,
        1,
        13,
        52,
        null,
        null,
        1,
        138,
        null,
        null,
        1,
        25,
        null,
        null,
        null
      ],
      "/Users/apprentice/Desktop/flashcard_app/card.rb": [
        1,
        1,
        1,
        1,
        39,
        39,
        null,
        null,
        1,
        39,
        39,
        null,
        null,
        1,
        33,
        null,
        null,
        null
      ],
      "/Users/apprentice/Desktop/flashcard_app/stats.rb": [
        1,
        null,
        1,
        1,
        null,
        1,
        13,
        13,
        13,
        39,
        39,
        null,
        null,
        null,
        1,
        25,
        null,
        null,
        1,
        33,
        null,
        null,
        1,
        8,
        null,
        null,
        1,
        0,
        null,
        null,
        null
      ]
    },
    "timestamp": 1341275110
  }
}
