{
  "RSpec": {
    "coverage": {
      "/Users/apprentice/Desktop/flashcard_app/flashcard_reader.rb": [
        1,
        null,
        1,
        1,
        1,
        11,
        11,
        11,
        null,
        null,
        1,
        11,
        429,
        null,
        null,
        1,
        155,
        null,
        null,
        1,
        28,
        null,
        null,
        1,
        113,
        null,
        null,
        1,
        58,
        null,
        null,
        1,
        58,
        12,
        12,
        12,
        46,
        13,
        13,
        13,
        null,
        33,
        null,
        null,
        null,
        1,
        46,
        null,
        null,
        1,
        25,
        null,
        null,
        1,
        39,
        null,
        null,
        1,
        5,
        5,
        605,
        null,
        225,
        5,
        null,
        null,
        null,
        null
      ],
      "/Users/apprentice/Desktop/flashcard_app/flashcard.rb": [
        1,
        1,
        1,
        1,
        418,
        418,
        418,
        418,
        null,
        null,
        1,
        418,
        418,
        null,
        null,
        1,
        58,
        null,
        null,
        1,
        58,
        58,
        null,
        null,
        1,
        123,
        null,
        null,
        1,
        12,
        null,
        null,
        null
      ]
    },
    "timestamp": 1341011076
  }
}
